<?xml version="1.0" encoding="UTF-8"?>
<!-- Generated by org.testng.reporters.JUnitXMLReporter -->
<testsuite ignored="0" hostname="Sivanath" failures="0" tests="3" name="Login Tests" time="39.554" errors="0" timestamp="2025-08-10T22:31:04 IST">
  <testcase classname="Test.LoginPageValidation" name="LoginTest" time="2.899"/>
  <testcase classname="Test.LoginPageValidation" name="PageValidation" time="0.734"/>
  <testcase classname="Test.LoginPageValidation" name="sampleTest" time="5.238"/>
</testsuite> <!-- Login Tests -->
