<?xml version="1.0" encoding="UTF-8"?>
<!-- Generated by org.testng.reporters.JUnitXMLReporter -->
<testsuite ignored="0" hostname="Sivanath" failures="0" tests="3" name="Login Tests" time="23.111" errors="0" timestamp="2025-08-09T21:24:27 IST">
  <testcase classname="Test.LoginPageValidation" name="LoginTest" time="0.562"/>
  <testcase classname="Test.LoginPageValidation" name="PageValidation" time="0.545"/>
  <testcase classname="Test.LoginPageValidation" name="sampleTest" time="5.152"/>
</testsuite> <!-- Login Tests -->
