<?xml version="1.0" encoding="UTF-8"?>
<!-- Generated by org.testng.reporters.JUnitXMLReporter -->
<testsuite ignored="2" hostname="Sivanath" failures="0" tests="1" name="Default test" time="55.911" errors="0" timestamp="2025-08-07T20:04:31 IST">
  <testcase classname="Test.LoginPageValidation" name="sampleTest" time="50.386"/>
  <testcase classname="Test.LoginPageValidation" name="LoginTest" time="0.0">
    <ignored/>
  </testcase> <!-- LoginTest -->
  <testcase classname="Test.LoginPageValidation" name="PageValidation" time="0.0">
    <ignored/>
  </testcase> <!-- PageValidation -->
</testsuite> <!-- Default test -->
