<?xml version="1.0" encoding="UTF-8"?>
<testng-results ignored="0" total="2" passed="2" failed="0" skipped="0">
  <reporter-output>
  </reporter-output>
  <suite started-at="2025-08-07T14:22:10 IST" name="Practice Test" finished-at="2025-08-07T14:22:22 IST" duration-ms="11438">
    <groups>
    </groups>
    <test started-at="2025-08-07T14:22:10 IST" name="Login Tests" finished-at="2025-08-07T14:22:22 IST" duration-ms="11438">
      <class name="Test.LoginPageValidation">
        <test-method is-config="true" signature="Setup()[pri:0, instance:Test.LoginPageValidation@5ab956d7]" started-at="2025-08-07T14:22:10 IST" name="Setup" finished-at="2025-08-07T14:22:16 IST" duration-ms="5397" status="PASS">
          <reporter-output>
          </reporter-output>
        </test-method> <!-- Setup -->
        <test-method signature="LoginTest(java.lang.String,java.lang.String)[pri:0, instance:Test.LoginPageValidation@5ab956d7]" started-at="2025-08-07T14:22:16 IST" name="LoginTest" finished-at="2025-08-07T14:22:16 IST" duration-ms="540" status="PASS">
          <params>
            <param index="0">
              <value>
                <![CDATA[Admin]]>
              </value>
            </param>
            <param index="1">
              <value>
                <![CDATA[admin123]]>
              </value>
            </param>
          </params>
          <reporter-output>
          </reporter-output>
        </test-method> <!-- LoginTest -->
        <test-method is-config="true" signature="Teardown()[pri:0, instance:Test.LoginPageValidation@5ab956d7]" started-at="2025-08-07T14:22:16 IST" name="Teardown" finished-at="2025-08-07T14:22:16 IST" duration-ms="117" status="PASS">
          <reporter-output>
          </reporter-output>
        </test-method> <!-- Teardown -->
        <test-method is-config="true" signature="Setup()[pri:0, instance:Test.LoginPageValidation@5ab956d7]" started-at="2025-08-07T14:22:16 IST" name="Setup" finished-at="2025-08-07T14:22:21 IST" duration-ms="4700" status="PASS">
          <reporter-output>
          </reporter-output>
        </test-method> <!-- Setup -->
        <test-method signature="PageValidation()[pri:0, instance:Test.LoginPageValidation@5ab956d7]" started-at="2025-08-07T14:22:21 IST" name="PageValidation" finished-at="2025-08-07T14:22:22 IST" duration-ms="512" status="PASS">
          <reporter-output>
          </reporter-output>
        </test-method> <!-- PageValidation -->
        <test-method is-config="true" signature="Teardown()[pri:0, instance:Test.LoginPageValidation@5ab956d7]" started-at="2025-08-07T14:22:22 IST" name="Teardown" finished-at="2025-08-07T14:22:22 IST" duration-ms="132" status="PASS">
          <reporter-output>
          </reporter-output>
        </test-method> <!-- Teardown -->
      </class> <!-- Test.LoginPageValidation -->
    </test> <!-- Login Tests -->
  </suite> <!-- Practice Test -->
</testng-results>
